

*******************************************************************************
Tue Mar 15 18:46:58 2016


FIT:    data read from "out" using 1:2
        format = x:z
        #datapoints = 67
        residuals are weighted equally (unit weight)

function used for fitting: f(x)
	f(x) = a*x**3 + b
fitted parameters initialized with current variable values

iter      chisq       delta/lim  lambda   a             b            
   0 2.8673120957e+12   0.00e+00  1.46e+05    1.000000e+00   1.000000e+00
   8 2.8936871852e+05  -1.73e-04  1.46e-03   -5.269085e-04   1.112463e+02

After 8 iterations the fit converged.
final sum of squares of residuals : 289369
rel. change during last iteration : -1.73272e-09

degrees of freedom    (FIT_NDF)                        : 65
rms of residuals      (FIT_STDFIT) = sqrt(WSSR/ndf)    : 66.722
variance of residuals (reduced chisquare) = WSSR/ndf   : 4451.83

Final set of parameters            Asymptotic Standard Error
=======================            ==========================
a               = -0.000526909     +/- 5.68e-05     (10.78%)
b               = 111.246          +/- 11.75        (10.56%)

correlation matrix of the fit parameters:
                a      b      
a               1.000 
b              -0.720  1.000 


*******************************************************************************
Tue Mar 15 18:47:25 2016


FIT:    data read from "out" using 1:2
        format = x:z
        #datapoints = 67
        residuals are weighted equally (unit weight)

function used for fitting: f(x)
	f(x) = a * x**3.0 + b
fitted parameters initialized with current variable values

iter      chisq       delta/lim  lambda   a             b            
   0 2.8936871852e+05   0.00e+00  1.10e+02   -5.269085e-04   1.112463e+02
   1 2.8936871852e+05   0.00e+00  1.10e+01   -5.269085e-04   1.112463e+02

After 1 iterations the fit converged.
final sum of squares of residuals : 289369
rel. change during last iteration : 0

degrees of freedom    (FIT_NDF)                        : 65
rms of residuals      (FIT_STDFIT) = sqrt(WSSR/ndf)    : 66.722
variance of residuals (reduced chisquare) = WSSR/ndf   : 4451.83

Final set of parameters            Asymptotic Standard Error
=======================            ==========================
a               = -0.000526909     +/- 5.68e-05     (10.78%)
b               = 111.246          +/- 11.75        (10.56%)

correlation matrix of the fit parameters:
                a      b      
a               1.000 
b              -0.720  1.000 


*******************************************************************************
Tue Mar 15 18:47:26 2016


FIT:    data read from "out" using 1:2
        format = x:z
        #datapoints = 67
        residuals are weighted equally (unit weight)

function used for fitting: f(x)
	f(x) = a * x**3.0 + b
fitted parameters initialized with current variable values

iter      chisq       delta/lim  lambda   a             b            
   0 2.8936871852e+05   0.00e+00  1.10e+02   -5.269085e-04   1.112463e+02
   1 2.8936871852e+05   0.00e+00  1.10e+01   -5.269085e-04   1.112463e+02

After 1 iterations the fit converged.
final sum of squares of residuals : 289369
rel. change during last iteration : 0

degrees of freedom    (FIT_NDF)                        : 65
rms of residuals      (FIT_STDFIT) = sqrt(WSSR/ndf)    : 66.722
variance of residuals (reduced chisquare) = WSSR/ndf   : 4451.83

Final set of parameters            Asymptotic Standard Error
=======================            ==========================
a               = -0.000526909     +/- 5.68e-05     (10.78%)
b               = 111.246          +/- 11.75        (10.56%)

correlation matrix of the fit parameters:
                a      b      
a               1.000 
b              -0.720  1.000 


*******************************************************************************
Tue Mar 15 18:48:17 2016


FIT:    data read from "out" using 1:2
        format = x:z
        x range restricted to [10.0000 : 80.0000]
        #datapoints = 67
        residuals are weighted equally (unit weight)

function used for fitting: f(x)
	f(x) = a * x**-3.0 + b
fitted parameters initialized with current variable values

iter      chisq       delta/lim  lambda   a             b            
   0 1.0852001016e+06   0.00e+00  7.87e+01   -5.269085e-04   1.112463e+02
   3 6.7251895159e+05  -5.37e-08  7.87e-02   -5.266767e-04   3.276430e+01

After 3 iterations the fit converged.
final sum of squares of residuals : 672519
rel. change during last iteration : -5.36794e-13

degrees of freedom    (FIT_NDF)                        : 65
rms of residuals      (FIT_STDFIT) = sqrt(WSSR/ndf)    : 101.717
variance of residuals (reduced chisquare) = WSSR/ndf   : 10346.4

Final set of parameters            Asymptotic Standard Error
=======================            ==========================
a               = -0.000526677     +/- 1.431e+05    (2.717e+10%)
b               = 32.7643          +/- 14.1         (43.02%)

correlation matrix of the fit parameters:
                a      b      
a               1.000 
b              -0.472  1.000 


*******************************************************************************
Tue Mar 15 18:48:26 2016


FIT:    data read from "out" using 1:2
        format = x:z
        x range restricted to [10.0000 : 80.0000]
        #datapoints = 67
        residuals are weighted equally (unit weight)

function used for fitting: f(x)
	f(x) = a * x**-3.0 + b
fitted parameters initialized with current variable values

iter      chisq       delta/lim  lambda   a             b            
   0 6.7251895159e+05   0.00e+00  2.32e+01   -5.266767e-04   3.276430e+01
   1 6.7251895159e+05  -3.46e-11  2.32e+00   -5.266764e-04   3.276430e+01

After 1 iterations the fit converged.
final sum of squares of residuals : 672519
rel. change during last iteration : -3.46207e-16

degrees of freedom    (FIT_NDF)                        : 65
rms of residuals      (FIT_STDFIT) = sqrt(WSSR/ndf)    : 101.717
variance of residuals (reduced chisquare) = WSSR/ndf   : 10346.4

Final set of parameters            Asymptotic Standard Error
=======================            ==========================
a               = -0.000526676     +/- 1.431e+05    (2.717e+10%)
b               = 32.7643          +/- 14.1         (43.02%)

correlation matrix of the fit parameters:
                a      b      
a               1.000 
b              -0.472  1.000 


*******************************************************************************
Tue Mar 15 18:48:27 2016


FIT:    data read from "out" using 1:2
        format = x:z
        x range restricted to [10.0000 : 80.0000]
        #datapoints = 67
        residuals are weighted equally (unit weight)

function used for fitting: f(x)
	f(x) = a * x**-3.0 + b
fitted parameters initialized with current variable values

iter      chisq       delta/lim  lambda   a             b            
   0 6.7251895159e+05   0.00e+00  2.32e+01   -5.266764e-04   3.276430e+01
   1 6.7251895159e+05  -5.19e-11  2.32e+00   -5.266761e-04   3.276430e+01

After 1 iterations the fit converged.
final sum of squares of residuals : 672519
rel. change during last iteration : -5.1931e-16

degrees of freedom    (FIT_NDF)                        : 65
rms of residuals      (FIT_STDFIT) = sqrt(WSSR/ndf)    : 101.717
variance of residuals (reduced chisquare) = WSSR/ndf   : 10346.4

Final set of parameters            Asymptotic Standard Error
=======================            ==========================
a               = -0.000526676     +/- 1.431e+05    (2.717e+10%)
b               = 32.7643          +/- 14.1         (43.02%)

correlation matrix of the fit parameters:
                a      b      
a               1.000 
b              -0.472  1.000 


*******************************************************************************
Tue Mar 15 18:48:27 2016


FIT:    data read from "out" using 1:2
        format = x:z
        x range restricted to [10.0000 : 80.0000]
        #datapoints = 67
        residuals are weighted equally (unit weight)

function used for fitting: f(x)
	f(x) = a * x**-3.0 + b
fitted parameters initialized with current variable values

iter      chisq       delta/lim  lambda   a             b            
   0 6.7251895159e+05   0.00e+00  2.32e+01   -5.266761e-04   3.276430e+01
   1 6.7251895159e+05  -3.46e-11  2.32e+00   -5.266759e-04   3.276430e+01

After 1 iterations the fit converged.
final sum of squares of residuals : 672519
rel. change during last iteration : -3.46207e-16

degrees of freedom    (FIT_NDF)                        : 65
rms of residuals      (FIT_STDFIT) = sqrt(WSSR/ndf)    : 101.717
variance of residuals (reduced chisquare) = WSSR/ndf   : 10346.4

Final set of parameters            Asymptotic Standard Error
=======================            ==========================
a               = -0.000526676     +/- 1.431e+05    (2.717e+10%)
b               = 32.7643          +/- 14.1         (43.02%)

correlation matrix of the fit parameters:
                a      b      
a               1.000 
b              -0.472  1.000 


*******************************************************************************
Tue Mar 15 18:48:27 2016


FIT:    data read from "out" using 1:2
        format = x:z
        x range restricted to [10.0000 : 80.0000]
        #datapoints = 67
        residuals are weighted equally (unit weight)

function used for fitting: f(x)
	f(x) = a * x**-3.0 + b
fitted parameters initialized with current variable values

iter      chisq       delta/lim  lambda   a             b            
   0 6.7251895159e+05   0.00e+00  2.32e+01   -5.266759e-04   3.276430e+01
   1 6.7251895159e+05  -3.46e-11  2.32e+00   -5.266756e-04   3.276430e+01

After 1 iterations the fit converged.
final sum of squares of residuals : 672519
rel. change during last iteration : -3.46207e-16

degrees of freedom    (FIT_NDF)                        : 65
rms of residuals      (FIT_STDFIT) = sqrt(WSSR/ndf)    : 101.717
variance of residuals (reduced chisquare) = WSSR/ndf   : 10346.4

Final set of parameters            Asymptotic Standard Error
=======================            ==========================
a               = -0.000526676     +/- 1.431e+05    (2.717e+10%)
b               = 32.7643          +/- 14.1         (43.02%)

correlation matrix of the fit parameters:
                a      b      
a               1.000 
b              -0.472  1.000 


*******************************************************************************
Tue Mar 15 18:48:28 2016


FIT:    data read from "out" using 1:2
        format = x:z
        x range restricted to [10.0000 : 80.0000]
        #datapoints = 67
        residuals are weighted equally (unit weight)

function used for fitting: f(x)
	f(x) = a * x**-3.0 + b
fitted parameters initialized with current variable values

iter      chisq       delta/lim  lambda   a             b            
   0 6.7251895159e+05   0.00e+00  2.32e+01   -5.266756e-04   3.276430e+01
   1 6.7251895159e+05  -5.19e-11  2.32e+00   -5.266754e-04   3.276430e+01

After 1 iterations the fit converged.
final sum of squares of residuals : 672519
rel. change during last iteration : -5.1931e-16

degrees of freedom    (FIT_NDF)                        : 65
rms of residuals      (FIT_STDFIT) = sqrt(WSSR/ndf)    : 101.717
variance of residuals (reduced chisquare) = WSSR/ndf   : 10346.4

Final set of parameters            Asymptotic Standard Error
=======================            ==========================
a               = -0.000526675     +/- 1.431e+05    (2.717e+10%)
b               = 32.7643          +/- 14.1         (43.02%)

correlation matrix of the fit parameters:
                a      b      
a               1.000 
b              -0.472  1.000 


*******************************************************************************
Tue Mar 15 18:48:28 2016


FIT:    data read from "out" using 1:2
        format = x:z
        x range restricted to [10.0000 : 80.0000]
        #datapoints = 67
        residuals are weighted equally (unit weight)

function used for fitting: f(x)
	f(x) = a * x**-3.0 + b
fitted parameters initialized with current variable values

iter      chisq       delta/lim  lambda   a             b            
   0 6.7251895159e+05   0.00e+00  2.32e+01   -5.266754e-04   3.276430e+01
   1 6.7251895159e+05  -3.46e-11  2.32e+00   -5.266751e-04   3.276430e+01

After 1 iterations the fit converged.
final sum of squares of residuals : 672519
rel. change during last iteration : -3.46207e-16

degrees of freedom    (FIT_NDF)                        : 65
rms of residuals      (FIT_STDFIT) = sqrt(WSSR/ndf)    : 101.717
variance of residuals (reduced chisquare) = WSSR/ndf   : 10346.4

Final set of parameters            Asymptotic Standard Error
=======================            ==========================
a               = -0.000526675     +/- 1.431e+05    (2.717e+10%)
b               = 32.7643          +/- 14.1         (43.02%)

correlation matrix of the fit parameters:
                a      b      
a               1.000 
b              -0.472  1.000 


*******************************************************************************
Tue Mar 15 18:48:28 2016


FIT:    data read from "out" using 1:2
        format = x:z
        x range restricted to [10.0000 : 80.0000]
        #datapoints = 67
        residuals are weighted equally (unit weight)

function used for fitting: f(x)
	f(x) = a * x**-3.0 + b
fitted parameters initialized with current variable values

iter      chisq       delta/lim  lambda   a             b            
   0 6.7251895159e+05   0.00e+00  2.32e+01   -5.266751e-04   3.276430e+01
   1 6.7251895159e+05  -3.46e-11  2.32e+00   -5.266748e-04   3.276430e+01

After 1 iterations the fit converged.
final sum of squares of residuals : 672519
rel. change during last iteration : -3.46207e-16

degrees of freedom    (FIT_NDF)                        : 65
rms of residuals      (FIT_STDFIT) = sqrt(WSSR/ndf)    : 101.717
variance of residuals (reduced chisquare) = WSSR/ndf   : 10346.4

Final set of parameters            Asymptotic Standard Error
=======================            ==========================
a               = -0.000526675     +/- 1.431e+05    (2.717e+10%)
b               = 32.7643          +/- 14.1         (43.02%)

correlation matrix of the fit parameters:
                a      b      
a               1.000 
b              -0.472  1.000 


*******************************************************************************
Tue Mar 15 18:48:57 2016


FIT:    data read from "out" using 1:2
        format = x:z
        x range restricted to [10.0000 : 80.0000]
        #datapoints = 67
        residuals are weighted equally (unit weight)

function used for fitting: f(x)
	f(x) = a * (x-10)**-3.0 + b
fitted parameters initialized with current variable values

iter      chisq       delta/lim  lambda   a             b            
   0 6.7251897043e+05   0.00e+00  2.32e+01   -5.266748e-04   3.276430e+01
   1 6.7251897043e+05  -5.20e-08  2.32e+00   -5.266653e-04   3.276430e+01

After 1 iterations the fit converged.
final sum of squares of residuals : 672519
rel. change during last iteration : -5.20003e-13

degrees of freedom    (FIT_NDF)                        : 65
rms of residuals      (FIT_STDFIT) = sqrt(WSSR/ndf)    : 101.717
variance of residuals (reduced chisquare) = WSSR/ndf   : 10346.4

Final set of parameters            Asymptotic Standard Error
=======================            ==========================
a               = -0.000526665     +/- 2520         (4.784e+08%)
b               = 32.7643          +/- 12.76        (38.94%)

correlation matrix of the fit parameters:
                a      b      
a               1.000 
b              -0.227  1.000 


*******************************************************************************
Tue Mar 15 18:49:30 2016


FIT:    data read from "out" using 1:2
        format = x:z
        x range restricted to [10.0000 : 80.0000]
        #datapoints = 67
        residuals are weighted equally (unit weight)

function used for fitting: f(x)
	f(x) = a * (x-13)**-3.0 + b
fitted parameters initialized with current variable values



*******************************************************************************
Tue Mar 15 18:49:46 2016


FIT:    data read from "out" using 1:2
        format = x:z
        x range restricted to [10.0000 : 80.0000]
        #datapoints = 67
        residuals are weighted equally (unit weight)

function used for fitting: f(x)
	f(x) = a * (x-13.0) ** (-3.0) + b
fitted parameters initialized with current variable values



*******************************************************************************
Tue Mar 15 18:49:58 2016


FIT:    data read from "out" using 1:2
        format = x:z
        x range restricted to [10.0000 : 80.0000]
        #datapoints = 67
        residuals are weighted equally (unit weight)

function used for fitting: f(x)
	f(x) = a * (x-13.0) ** (-3.0) + b
fitted parameters initialized with current variable values



*******************************************************************************
Tue Mar 15 18:50:29 2016


FIT:    data read from "out" using 1:2
        format = x:z
        #datapoints = 67
        residuals are weighted equally (unit weight)

function used for fitting: f(x)
	f(x) = a * (x-13.0) ** (-3.0) + b
fitted parameters initialized with current variable values



*******************************************************************************
Tue Mar 15 18:50:32 2016


FIT:    data read from "out"
        format = z
        #datapoints = 67
        residuals are weighted equally (unit weight)

function used for fitting: f(x)
	f(x) = a * (x-13.0) ** (-3.0) + b
fitted parameters initialized with current variable values



*******************************************************************************
Tue Mar 15 18:51:57 2016


FIT:    data read from "out"
        format = z
        x range restricted to [12.8881 : 15.9667]
        #datapoints = 3
        residuals are weighted equally (unit weight)

function used for fitting: f(x)
	f(x) = a * (x-13.0) ** (-3.0) + b
fitted parameters initialized with current variable values



*******************************************************************************
Tue Mar 15 18:52:47 2016


FIT:    data read from "out"
        format = z
        x range restricted to [-42.0399 : 94.6789]
        #datapoints = 67
        residuals are weighted equally (unit weight)

function used for fitting: f(x)
	f(x) = a * (x-13.0) ** (-3.0) + b
fitted parameters initialized with current variable values



*******************************************************************************
Tue Mar 15 18:54:30 2016


FIT:    data read from "out"
        format = z
        #datapoints = 67
        residuals are weighted equally (unit weight)

function used for fitting: f(x)
	f(x) = a * (x-13.0) ** (-3.0) + b
fitted parameters initialized with current variable values



*******************************************************************************
Tue Mar 15 18:54:40 2016


FIT:    data read from "out"
        format = z
        #datapoints = 67
        residuals are weighted equally (unit weight)

function used for fitting: f(x)
	f(x) = a * (x-13.0) ** (-2.0) + b
fitted parameters initialized with current variable values



*******************************************************************************
Tue Mar 15 18:55:39 2016


FIT:    data read from "out"
        format = z
        #datapoints = 67
        residuals are weighted equally (unit weight)

function used for fitting: f(x)
	f(x) = a * (x) ** (-2.0) + b
fitted parameters initialized with current variable values

iter      chisq       delta/lim  lambda   a             b            
   0 1.2998620590e+06   0.00e+00  4.53e+01    1.000000e-04  -6.400000e+01
   3 6.7251894948e+05  -9.25e-07  4.53e-02    1.003875e-04   3.276430e+01

After 3 iterations the fit converged.
final sum of squares of residuals : 672519
rel. change during last iteration : -9.25047e-12

degrees of freedom    (FIT_NDF)                        : 65
rms of residuals      (FIT_STDFIT) = sqrt(WSSR/ndf)    : 101.717
variance of residuals (reduced chisquare) = WSSR/ndf   : 10346.4

Final set of parameters            Asymptotic Standard Error
=======================            ==========================
a               = 0.000100388      +/- 1.009e+04    (1.005e+10%)
b               = 32.7643          +/- 16.04        (48.96%)

correlation matrix of the fit parameters:
                a      b      
a               1.000 
b              -0.632  1.000 


*******************************************************************************
Tue Mar 15 18:55:57 2016


FIT:    data read from "out"
        format = z
        #datapoints = 67
        residuals are weighted equally (unit weight)

function used for fitting: f(x)
	f(x) = a * (x) ** (-3.0) + b
fitted parameters initialized with current variable values

iter      chisq       delta/lim  lambda   a             b            
   0 6.7251895095e+05   0.00e+00  2.32e+01    1.003875e-04   3.276430e+01
   1 6.7251895095e+05   0.00e+00  2.32e+00    1.003876e-04   3.276430e+01

After 1 iterations the fit converged.
final sum of squares of residuals : 672519
rel. change during last iteration : 0

degrees of freedom    (FIT_NDF)                        : 65
rms of residuals      (FIT_STDFIT) = sqrt(WSSR/ndf)    : 101.717
variance of residuals (reduced chisquare) = WSSR/ndf   : 10346.4

Final set of parameters            Asymptotic Standard Error
=======================            ==========================
a               = 0.000100388      +/- 1.431e+05    (1.426e+11%)
b               = 32.7643          +/- 14.1         (43.02%)

correlation matrix of the fit parameters:
                a      b      
a               1.000 
b              -0.472  1.000 


*******************************************************************************
Tue Mar 15 18:55:58 2016


FIT:    data read from "out"
        format = z
        #datapoints = 67
        residuals are weighted equally (unit weight)

function used for fitting: f(x)
	f(x) = a * (x) ** (-3.0) + b
fitted parameters initialized with current variable values

iter      chisq       delta/lim  lambda   a             b            
   0 6.7251895095e+05   0.00e+00  2.32e+01    1.003876e-04   3.276430e+01
   1 6.7251895095e+05   0.00e+00  2.32e+00    1.003876e-04   3.276430e+01

After 1 iterations the fit converged.
final sum of squares of residuals : 672519
rel. change during last iteration : 0

degrees of freedom    (FIT_NDF)                        : 65
rms of residuals      (FIT_STDFIT) = sqrt(WSSR/ndf)    : 101.717
variance of residuals (reduced chisquare) = WSSR/ndf   : 10346.4

Final set of parameters            Asymptotic Standard Error
=======================            ==========================
a               = 0.000100388      +/- 1.431e+05    (1.425e+11%)
b               = 32.7643          +/- 14.1         (43.02%)

correlation matrix of the fit parameters:
                a      b      
a               1.000 
b              -0.472  1.000 


*******************************************************************************
Tue Mar 15 18:55:59 2016


FIT:    data read from "out"
        format = z
        #datapoints = 67
        residuals are weighted equally (unit weight)

function used for fitting: f(x)
	f(x) = a * (x) ** (-3.0) + b
fitted parameters initialized with current variable values

iter      chisq       delta/lim  lambda   a             b            
   0 6.7251895095e+05   0.00e+00  2.32e+01    1.003876e-04   3.276430e+01
   1 6.7251895095e+05   0.00e+00  2.32e+00    1.003876e-04   3.276430e+01

After 1 iterations the fit converged.
final sum of squares of residuals : 672519
rel. change during last iteration : 0

degrees of freedom    (FIT_NDF)                        : 65
rms of residuals      (FIT_STDFIT) = sqrt(WSSR/ndf)    : 101.717
variance of residuals (reduced chisquare) = WSSR/ndf   : 10346.4

Final set of parameters            Asymptotic Standard Error
=======================            ==========================
a               = 0.000100388      +/- 1.431e+05    (1.426e+11%)
b               = 32.7643          +/- 14.1         (43.02%)

correlation matrix of the fit parameters:
                a      b      
a               1.000 
b              -0.472  1.000 


*******************************************************************************
Tue Mar 15 18:56:01 2016


FIT:    data read from "out"
        format = z
        #datapoints = 67
        residuals are weighted equally (unit weight)

function used for fitting: f(x)
	f(x) = a * (x) ** (-3.0) + b
fitted parameters initialized with current variable values

iter      chisq       delta/lim  lambda   a             b            
   0 6.7251895095e+05   0.00e+00  2.32e+01    1.003876e-04   3.276430e+01
   1 6.7251895095e+05   0.00e+00  2.32e+00    1.003876e-04   3.276430e+01

After 1 iterations the fit converged.
final sum of squares of residuals : 672519
rel. change during last iteration : 0

degrees of freedom    (FIT_NDF)                        : 65
rms of residuals      (FIT_STDFIT) = sqrt(WSSR/ndf)    : 101.717
variance of residuals (reduced chisquare) = WSSR/ndf   : 10346.4

Final set of parameters            Asymptotic Standard Error
=======================            ==========================
a               = 0.000100388      +/- 1.431e+05    (1.425e+11%)
b               = 32.7643          +/- 14.1         (43.02%)

correlation matrix of the fit parameters:
                a      b      
a               1.000 
b              -0.472  1.000 


*******************************************************************************
Tue Mar 15 18:58:05 2016


FIT:    data read from "out"
        format = z
        x range restricted to [-65.1505 : 105.748]
        #datapoints = 20
        residuals are weighted equally (unit weight)

function used for fitting: f(x)
	f(x) = a * (x) ** (-3.0) + b
fitted parameters initialized with current variable values



*******************************************************************************
Tue Mar 15 18:58:12 2016


FIT:    data read from "out"
        format = z
        x range restricted to [-65.1505 : 105.748]
        #datapoints = 20
        residuals are weighted equally (unit weight)

function used for fitting: f(x)
	f(x) = a * (x) ** (-3.0) + b
fitted parameters initialized with current variable values



*******************************************************************************
Tue Mar 15 18:58:30 2016


FIT:    data read from "out"
        format = z
        x range restricted to [-65.1505 : 105.748]
        #datapoints = 20
        residuals are weighted equally (unit weight)

function used for fitting: f(x)
	f(x) = a * (x) ** (-3.0) + b
fitted parameters initialized with current variable values



*******************************************************************************
Tue Mar 15 18:58:36 2016


FIT:    data read from "out"
        format = z
        x range restricted to [-65.1505 : 105.748]
        #datapoints = 20
        residuals are weighted equally (unit weight)

function used for fitting: f(x)
	f(x) = a * (x) ** (-3.0) + b
fitted parameters initialized with current variable values



*******************************************************************************
Tue Mar 15 18:58:53 2016


FIT:    data read from "out"
        format = z
        x range restricted to [-65.1505 : 105.748]
        #datapoints = 20
        residuals are weighted equally (unit weight)

function used for fitting: f(x)
	f(x) = a * 1.0 / ((x) ** (3.0)) + b
fitted parameters initialized with current variable values



*******************************************************************************
Tue Mar 15 18:59:26 2016


FIT:    data read from "out"
        format = z
        x range restricted to [-65.1505 : 105.748]
        #datapoints = 20
        residuals are weighted equally (unit weight)

function used for fitting: f(x)
	f(x) = a / ((x) ** (3.0)) + b
fitted parameters initialized with current variable values



*******************************************************************************
Tue Mar 15 19:00:32 2016


FIT:    data read from "out"
        format = z
        x range restricted to [-65.1505 : 105.748]
        #datapoints = 20
        residuals are weighted equally (unit weight)

function used for fitting: f(x)
	f(x) = a / ((x) ** (3.0)) + b
fitted parameters initialized with current variable values

iter      chisq       delta/lim  lambda   a             b            
   0 6.7797858485e+05   0.00e+00  1.83e+02    1.000000e+00   1.300000e+02
   3 6.3607829358e+04  -1.92e-03  1.83e-01    2.004541e-01   1.888823e+02

After 3 iterations the fit converged.
final sum of squares of residuals : 63607.8
rel. change during last iteration : -1.92252e-08

degrees of freedom    (FIT_NDF)                        : 18
rms of residuals      (FIT_STDFIT) = sqrt(WSSR/ndf)    : 59.4455
variance of residuals (reduced chisquare) = WSSR/ndf   : 3533.77

Final set of parameters            Asymptotic Standard Error
=======================            ==========================
a               = 0.200454         +/- 0.06099      (30.43%)
b               = 188.882          +/- 13.64        (7.221%)

correlation matrix of the fit parameters:
                a      b      
a               1.000 
b              -0.224  1.000 


*******************************************************************************
Tue Mar 15 19:01:11 2016


FIT:    data read from "out"
        format = z
        x range restricted to [-24.1038 : 45.8962]
        #datapoints = 20
        residuals are weighted equally (unit weight)

function used for fitting: f(x)
	f(x) = a / ((x * c) ** (3.0)) + b
fitted parameters initialized with current variable values

iter      chisq       delta/lim  lambda   a             b             c            
   0 6.3607829358e+04   0.00e+00  1.36e+02    2.004541e-01   1.888823e+02   1.000000e+00
   1 6.3607829358e+04   0.00e+00  1.36e+03    2.004541e-01   1.888823e+02   1.000000e+00

After 1 iterations the fit converged.
final sum of squares of residuals : 63607.8
rel. change during last iteration : 0

degrees of freedom    (FIT_NDF)                        : 17
rms of residuals      (FIT_STDFIT) = sqrt(WSSR/ndf)    : 61.1689
variance of residuals (reduced chisquare) = WSSR/ndf   : 3741.64

Final set of parameters            Asymptotic Standard Error
=======================            ==========================
a               = 0.200454         +/- 2.468e+11    (1.231e+14%)
b               = 188.882          +/- 14.19        (7.511%)
c               = 1                +/- 4.113e+11    (4.113e+13%)

correlation matrix of the fit parameters:
                a      b      c      
a               1.000 
b              -0.146  1.000 
c               1.000 -0.146  1.000 


*******************************************************************************
Tue Mar 15 19:01:13 2016


FIT:    data read from "out"
        format = z
        x range restricted to [-24.1038 : 45.8962]
        #datapoints = 20
        residuals are weighted equally (unit weight)

function used for fitting: f(x)
	f(x) = a / ((x * c) ** (3.0)) + b
fitted parameters initialized with current variable values

iter      chisq       delta/lim  lambda   a             b             c            
   0 6.3607829358e+04   0.00e+00  1.36e+02    2.004541e-01   1.888823e+02   1.000000e+00
   1 6.3607829358e+04   0.00e+00  1.36e+03    2.004541e-01   1.888823e+02   1.000000e+00

After 1 iterations the fit converged.
final sum of squares of residuals : 63607.8
rel. change during last iteration : 0

degrees of freedom    (FIT_NDF)                        : 17
rms of residuals      (FIT_STDFIT) = sqrt(WSSR/ndf)    : 61.1689
variance of residuals (reduced chisquare) = WSSR/ndf   : 3741.64

Final set of parameters            Asymptotic Standard Error
=======================            ==========================
a               = 0.200454         +/- 3.231e+11    (1.612e+14%)
b               = 188.882          +/- 14.68        (7.773%)
c               = 1                +/- 5.383e+11    (5.383e+13%)

correlation matrix of the fit parameters:
                a      b      c      
a               1.000 
b              -0.294  1.000 
c               1.000 -0.294  1.000 


*******************************************************************************
Tue Mar 15 19:01:16 2016


FIT:    data read from "out"
        format = z
        x range restricted to [-24.1038 : 45.8962]
        #datapoints = 20
        residuals are weighted equally (unit weight)

function used for fitting: f(x)
	f(x) = a / ((x * c) ** (3.0)) + b
fitted parameters initialized with current variable values

iter      chisq       delta/lim  lambda   a             b             c            
   0 6.3607829358e+04   0.00e+00  1.36e+02    2.004541e-01   1.888823e+02   1.000000e+00
   1 6.3607829358e+04   0.00e+00  1.36e+01    2.004541e-01   1.888823e+02   1.000000e+00

After 1 iterations the fit converged.
final sum of squares of residuals : 63607.8
rel. change during last iteration : 0

degrees of freedom    (FIT_NDF)                        : 17
rms of residuals      (FIT_STDFIT) = sqrt(WSSR/ndf)    : 61.1689
variance of residuals (reduced chisquare) = WSSR/ndf   : 3741.64

Final set of parameters            Asymptotic Standard Error
=======================            ==========================
a               = 0.200454         +/- 2.213e+11    (1.104e+14%)
b               = 188.882          +/- 14.5         (7.676%)
c               = 1                +/- 3.687e+11    (3.687e+13%)

correlation matrix of the fit parameters:
                a      b      c      
a               1.000 
b               0.251  1.000 
c               1.000  0.251  1.000 


*******************************************************************************
Tue Mar 15 19:01:29 2016


FIT:    data read from "out"
        format = z
        x range restricted to [-24.1038 : 45.8962]
        #datapoints = 20
        residuals are weighted equally (unit weight)

function used for fitting: f(x)
	f(x) = a / ((x * c) ** (3.0)) + b
fitted parameters initialized with current variable values

iter      chisq       delta/lim  lambda   a             b             c            
   0 4.0181883893e+22   0.00e+00  8.17e+10    2.004541e-01   1.888823e+02   1.000000e-03
   8 6.3607829358e+04   0.00e+00  8.17e+02    2.282889e-09   1.888823e+02   2.249866e-03

After 8 iterations the fit converged.
final sum of squares of residuals : 63607.8
rel. change during last iteration : 0

degrees of freedom    (FIT_NDF)                        : 17
rms of residuals      (FIT_STDFIT) = sqrt(WSSR/ndf)    : 61.1689
variance of residuals (reduced chisquare) = WSSR/ndf   : 3741.64

Final set of parameters            Asymptotic Standard Error
=======================            ==========================
a               = 2.28289e-09      +/- 2488         (1.09e+14%)
b               = 188.882          +/- 14.51        (7.684%)
c               = 0.00224987       +/- 8.189e+08    (3.64e+13%)

correlation matrix of the fit parameters:
                a      b      c      
a               1.000 
b               0.255  1.000 
c               1.000  0.255  1.000 


*******************************************************************************
Tue Mar 15 19:02:51 2016


FIT:    data read from "out"
        format = z
        x range restricted to [-0.0230920 : 0.0862830]
        #datapoints = 20
        residuals are weighted equally (unit weight)

function used for fitting: f(x)
	f(x) = a / ((x * c) ** (3.0)) + b
fitted parameters initialized with current variable values

iter      chisq       delta/lim  lambda   a             b             c            
   0 2.9292591510e+19   0.00e+00  2.21e+09    2.282889e-09   1.888823e+02   2.249866e-03
   8 6.3607829358e+04  -3.58e-08  2.21e+01    9.629213e-16   1.888823e+02   5.061896e-03

After 8 iterations the fit converged.
final sum of squares of residuals : 63607.8
rel. change during last iteration : -3.57919e-13

degrees of freedom    (FIT_NDF)                        : 17
rms of residuals      (FIT_STDFIT) = sqrt(WSSR/ndf)    : 61.1689
variance of residuals (reduced chisquare) = WSSR/ndf   : 3741.64

Final set of parameters            Asymptotic Standard Error
=======================            ==========================
a               = 9.62921e-16      +/- 0.0007747    (8.045e+13%)
b               = 188.882          +/- 14.17        (7.504%)
c               = 0.0050619        +/- 1.36e+09     (2.687e+13%)

correlation matrix of the fit parameters:
                a      b      c      
a               1.000 
b              -0.140  1.000 
c               1.000 -0.140  1.000 


*******************************************************************************
Tue Mar 15 19:03:27 2016


FIT:    data read from "out"
        format = z
        x range restricted to [-0.00597108 : 0.0298689]
        #datapoints = 9
        residuals are weighted equally (unit weight)

function used for fitting: f(x)
	f(x) = a / ((x * c) ** (3.0)) + b
fitted parameters initialized with current variable values

iter      chisq       delta/lim  lambda   a             b             c            
   0 4.4671500107e+04   0.00e+00  1.63e+02    9.629213e-16   1.888823e+02   5.061896e-03
   4 2.0759797421e+04  -5.48e-06  1.63e-02    9.300467e-16   2.435600e+02   5.564725e-03

After 4 iterations the fit converged.
final sum of squares of residuals : 20759.8
rel. change during last iteration : -5.47625e-11

degrees of freedom    (FIT_NDF)                        : 6
rms of residuals      (FIT_STDFIT) = sqrt(WSSR/ndf)    : 58.8215
variance of residuals (reduced chisquare) = WSSR/ndf   : 3459.97

Final set of parameters            Asymptotic Standard Error
=======================            ==========================
a               = 9.30047e-16      +/- 0.001631     (1.753e+14%)
b               = 243.56           +/- 20.88        (8.573%)
c               = 0.00556473       +/- 3.259e+09    (5.856e+13%)

correlation matrix of the fit parameters:
                a      b      c      
a               1.000 
b              -0.089  1.000 
c               1.000 -0.089  1.000 


*******************************************************************************
Tue Mar 15 19:05:45 2016


FIT:    data read from "out"
        format = z
        #datapoints = 20
        residuals are weighted equally (unit weight)

function used for fitting: f(x)
	f(x) = a / ((x * c) ** (2.0)) + b
fitted parameters initialized with current variable values

iter      chisq       delta/lim  lambda   a             b             c            
   0 1.4164165384e+05   0.00e+00  1.41e+02    9.300467e-16   2.435600e+02   5.564725e-03
   3 1.0177688343e+05  -5.56e-07  1.41e-01    9.301561e-16   1.989143e+02   5.563418e-03

After 3 iterations the fit converged.
final sum of squares of residuals : 101777
rel. change during last iteration : -5.55772e-12

degrees of freedom    (FIT_NDF)                        : 17
rms of residuals      (FIT_STDFIT) = sqrt(WSSR/ndf)    : 77.3749
variance of residuals (reduced chisquare) = WSSR/ndf   : 5986.88

Final set of parameters            Asymptotic Standard Error
=======================            ==========================
a               = 9.30156e-16      +/- 0.0008459    (9.094e+13%)
b               = 198.914          +/- 17.83        (8.964%)
c               = 0.00556342       +/- 2.533e+09    (4.554e+13%)

correlation matrix of the fit parameters:
                a      b      c      
a               1.000 
b              -0.086  1.000 
c               1.000 -0.086  1.000 


*******************************************************************************
Tue Mar 15 19:06:14 2016


FIT:    data read from "out"
        format = z
        #datapoints = 20
        residuals are weighted equally (unit weight)

function used for fitting: f(x)
	f(x) = a / ((x * c) ** (2.0)) + b
fitted parameters initialized with current variable values

iter      chisq       delta/lim  lambda   a             b             c            
   0 1.0177688389e+05   0.00e+00  1.15e+02    9.301561e-16   1.989143e+02   5.563418e-03
   1 1.0177688389e+05   0.00e+00  1.15e+01    9.301561e-16   1.989143e+02   5.563418e-03

After 1 iterations the fit converged.
final sum of squares of residuals : 101777
rel. change during last iteration : 0

degrees of freedom    (FIT_NDF)                        : 17
rms of residuals      (FIT_STDFIT) = sqrt(WSSR/ndf)    : 77.3749
variance of residuals (reduced chisquare) = WSSR/ndf   : 5986.88

Final set of parameters            Asymptotic Standard Error
=======================            ==========================
a               = 9.30156e-16      +/- 0.00518      (5.569e+14%)
b               = 198.914          +/- 18.26        (9.178%)
c               = 0.00556342       +/- 1.557e+10    (2.798e+14%)

correlation matrix of the fit parameters:
                a      b      c      
a               1.000 
b               0.231  1.000 
c               1.000  0.232  1.000 


*******************************************************************************
Tue Mar 15 19:06:16 2016


FIT:    data read from "out"
        format = z
        #datapoints = 20
        residuals are weighted equally (unit weight)

function used for fitting: f(x)
	f(x) = a / ((x * c) ** (2.0)) + b
fitted parameters initialized with current variable values

iter      chisq       delta/lim  lambda   a             b             c            
   0 1.0177688389e+05   0.00e+00  1.15e+02    9.301561e-16   1.989143e+02   5.563418e-03
   1 1.0177688389e+05   0.00e+00  1.15e+01    9.301561e-16   1.989143e+02   5.563418e-03

After 1 iterations the fit converged.
final sum of squares of residuals : 101777
rel. change during last iteration : 0

degrees of freedom    (FIT_NDF)                        : 17
rms of residuals      (FIT_STDFIT) = sqrt(WSSR/ndf)    : 77.3749
variance of residuals (reduced chisquare) = WSSR/ndf   : 5986.88

Final set of parameters            Asymptotic Standard Error
=======================            ==========================
a               = 9.30156e-16      +/- 0.00518      (5.569e+14%)
b               = 198.914          +/- 18.26        (9.178%)
c               = 0.00556342       +/- 1.557e+10    (2.798e+14%)

correlation matrix of the fit parameters:
                a      b      c      
a               1.000 
b               0.231  1.000 
c               1.000  0.232  1.000 


*******************************************************************************
Tue Mar 15 19:06:16 2016


FIT:    data read from "out"
        format = z
        #datapoints = 20
        residuals are weighted equally (unit weight)

function used for fitting: f(x)
	f(x) = a / ((x * c) ** (2.0)) + b
fitted parameters initialized with current variable values

iter      chisq       delta/lim  lambda   a             b             c            
   0 1.0177688389e+05   0.00e+00  1.15e+02    9.301561e-16   1.989143e+02   5.563418e-03
   1 1.0177688389e+05   0.00e+00  1.15e+01    9.301561e-16   1.989143e+02   5.563418e-03

After 1 iterations the fit converged.
final sum of squares of residuals : 101777
rel. change during last iteration : 0

degrees of freedom    (FIT_NDF)                        : 17
rms of residuals      (FIT_STDFIT) = sqrt(WSSR/ndf)    : 77.3749
variance of residuals (reduced chisquare) = WSSR/ndf   : 5986.88

Final set of parameters            Asymptotic Standard Error
=======================            ==========================
a               = 9.30156e-16      +/- 0.00518      (5.569e+14%)
b               = 198.914          +/- 18.26        (9.178%)
c               = 0.00556342       +/- 1.557e+10    (2.798e+14%)

correlation matrix of the fit parameters:
                a      b      c      
a               1.000 
b               0.231  1.000 
c               1.000  0.232  1.000 


*******************************************************************************
Tue Mar 15 19:06:16 2016


FIT:    data read from "out"
        format = z
        #datapoints = 20
        residuals are weighted equally (unit weight)

function used for fitting: f(x)
	f(x) = a / ((x * c) ** (2.0)) + b
fitted parameters initialized with current variable values

iter      chisq       delta/lim  lambda   a             b             c            
   0 1.0177688389e+05   0.00e+00  1.15e+02    9.301561e-16   1.989143e+02   5.563418e-03
   1 1.0177688389e+05   0.00e+00  1.15e+01    9.301561e-16   1.989143e+02   5.563418e-03

After 1 iterations the fit converged.
final sum of squares of residuals : 101777
rel. change during last iteration : 0

degrees of freedom    (FIT_NDF)                        : 17
rms of residuals      (FIT_STDFIT) = sqrt(WSSR/ndf)    : 77.3749
variance of residuals (reduced chisquare) = WSSR/ndf   : 5986.88

Final set of parameters            Asymptotic Standard Error
=======================            ==========================
a               = 9.30156e-16      +/- 0.00518      (5.569e+14%)
b               = 198.914          +/- 18.26        (9.178%)
c               = 0.00556342       +/- 1.557e+10    (2.798e+14%)

correlation matrix of the fit parameters:
                a      b      c      
a               1.000 
b               0.231  1.000 
c               1.000  0.232  1.000 


*******************************************************************************
Tue Mar 15 19:06:44 2016


FIT:    data read from "out"
        format = z
        x range restricted to [-17.7495 : 31.0787]
        #datapoints = 20
        residuals are weighted equally (unit weight)

function used for fitting: f(x)
	f(x) = a / ((x * c) ** (2.0)) + b
fitted parameters initialized with current variable values

iter      chisq       delta/lim  lambda   a             b             c            
   0 1.0437284234e+13   0.00e+00  9.32e+05    1.000000e+00   1.000000e+02   5.563418e-03
   7 6.3021449787e+04  -6.35e-05  9.32e-02    2.464736e-04   1.886687e+02   1.104288e-02

After 7 iterations the fit converged.
final sum of squares of residuals : 63021.4
rel. change during last iteration : -6.34818e-10

degrees of freedom    (FIT_NDF)                        : 17
rms of residuals      (FIT_STDFIT) = sqrt(WSSR/ndf)    : 60.8863
variance of residuals (reduced chisquare) = WSSR/ndf   : 3707.14

Final set of parameters            Asymptotic Standard Error
=======================            ==========================
a               = 0.000246474      +/- 3.21e+08     (1.302e+14%)
b               = 188.669          +/- 14.31        (7.586%)
c               = 0.0110429        +/- 7.202e+09    (6.522e+13%)

correlation matrix of the fit parameters:
                a      b      c      
a               1.000 
b               0.215  1.000 
c               1.000  0.215  1.000 


*******************************************************************************
Tue Mar 15 19:07:32 2016


FIT:    data read from "out"
        format = z
        x range restricted to [-2.52979 : 4.02381]
        #datapoints = 4
        residuals are weighted equally (unit weight)

function used for fitting: f(x)
	f(x) = a / ((x * c) ** (2.0)) + b
fitted parameters initialized with current variable values

iter      chisq       delta/lim  lambda   a             b             c            
   0 6.0753645403e+16   0.00e+00  1.59e+08    2.464736e-04   1.886687e+02   1.000000e-05
   9 2.4879733497e+03  -2.90e-01  1.59e-01    3.478652e-10   3.008180e+02   1.980887e-05

After 9 iterations the fit converged.
final sum of squares of residuals : 2487.97
rel. change during last iteration : -2.89986e-06

degrees of freedom    (FIT_NDF)                        : 1
rms of residuals      (FIT_STDFIT) = sqrt(WSSR/ndf)    : 49.8796
variance of residuals (reduced chisquare) = WSSR/ndf   : 2487.97

Final set of parameters            Asymptotic Standard Error
=======================            ==========================
a               = 3.47865e-10      +/- 298.9        (8.593e+13%)
b               = 300.818          +/- 29.21        (9.709%)
c               = 1.98089e-05      +/- 8.524e+06    (4.303e+13%)

correlation matrix of the fit parameters:
                a      b      c      
a               1.000 
b               0.142  1.000 
c               1.000  0.142  1.000 


*******************************************************************************
Tue Mar 15 19:09:09 2016


FIT:    data read from "out"
        format = z
        x range restricted to [-63.4469 : 85.5647]
        #datapoints = 20
        residuals are weighted equally (unit weight)

function used for fitting: f(x)
	f(x) = a / ((x - c) ** (2.0)) + b
fitted parameters initialized with current variable values

iter      chisq       delta/lim  lambda   a             b             c            
   0 1.8866568526e+05   0.00e+00  7.68e+01    1.000000e-04   1.330000e+02   1.980887e-05
  41 5.1709326769e+01  -9.72e-01  7.68e-12    2.357974e+04   1.020854e+02  -8.923875e+00

After 41 iterations the fit converged.
final sum of squares of residuals : 51.7093
rel. change during last iteration : -9.72114e-06

degrees of freedom    (FIT_NDF)                        : 17
rms of residuals      (FIT_STDFIT) = sqrt(WSSR/ndf)    : 1.74405
variance of residuals (reduced chisquare) = WSSR/ndf   : 3.04173

Final set of parameters            Asymptotic Standard Error
=======================            ==========================
a               = 23579.7          +/- 956.2        (4.055%)
b               = 102.085          +/- 1.447        (1.417%)
c               = -8.92388         +/- 0.1769       (1.983%)

correlation matrix of the fit parameters:
                a      b      c      
a               1.000 
b              -0.932  1.000 
c              -0.991  0.891  1.000 


*******************************************************************************
Tue Mar 15 19:24:35 2016


FIT:    data read from "out" using 1:2:3
        format = x:z:s
        x range restricted to [-13.3065 : 25.7560]
BREAK: No data to fit

*******************************************************************************
Tue Mar 15 19:24:45 2016


FIT:    data read from "out" using 1:2:3
        format = x:z:s
        x range restricted to [-13.3065 : 25.7560]
        #datapoints = 20
function used for fitting: f(x)
	f(x) = a / ((x - c) ** (2.0)) + b
fitted parameters initialized with current variable values

iter      chisq       delta/lim  lambda   a             b             c            
   0 2.3806197490e+08   0.00e+00  4.85e+03    2.357974e+04   1.020854e+02  -8.923875e+00
   5 8.8584410254e+03  -5.34e-01  4.85e-02    3.260675e+04  -1.791748e+01  -1.006911e+01

After 5 iterations the fit converged.
final sum of squares of residuals : 8858.44
rel. change during last iteration : -5.34478e-06

degrees of freedom    (FIT_NDF)                        : 17
rms of residuals      (FIT_STDFIT) = sqrt(WSSR/ndf)    : 22.8273
variance of residuals (reduced chisquare) = WSSR/ndf   : 521.085
p-value of the Chisq distribution (FIT_P)              : 0

Final set of parameters            Asymptotic Standard Error
=======================            ==========================
a               = 32606.8          +/- 508.3        (1.559%)
b               = -17.9175         +/- 0.6428       (3.588%)
c               = -10.0691         +/- 0.07557      (0.7505%)

correlation matrix of the fit parameters:
                a      b      c      
a               1.000 
b              -0.943  1.000 
c              -0.992  0.906  1.000 


*******************************************************************************
Tue Mar 15 19:52:20 2016


FIT:    data read from "out" using 1:2:3
        format = x:z:s
        #datapoints = 20
function used for fitting: f(x)
	f(x) = a / ((x - c) ** (2.0)) + b
fitted parameters initialized with current variable values

iter      chisq       delta/lim  lambda   a             b             c            
   0 2.8648779959e+08   0.00e+00  8.75e+03    1.000000e+00   1.000000e+00   1.000000e+00
  26 4.7142179595e+07  -6.30e-02  8.75e-04    5.112015e+01   7.277228e+01   5.729003e-01

After 26 iterations the fit converged.
final sum of squares of residuals : 4.71422e+07
rel. change during last iteration : -6.30258e-07

degrees of freedom    (FIT_NDF)                        : 17
rms of residuals      (FIT_STDFIT) = sqrt(WSSR/ndf)    : 1665.25
variance of residuals (reduced chisquare) = WSSR/ndf   : 2.77307e+06
p-value of the Chisq distribution (FIT_P)              : 0

Final set of parameters            Asymptotic Standard Error
=======================            ==========================
a               = 51.1201          +/- 9.582        (18.74%)
b               = 72.7723          +/- 11.93        (16.39%)
c               = 0.5729           +/- 0.04346      (7.586%)

correlation matrix of the fit parameters:
                a      b      c      
a               1.000 
b              -0.348  1.000 
c               0.262 -0.053  1.000 


*******************************************************************************
Tue Mar 15 19:52:26 2016


FIT:    data read from "out" using 1:2:3
        format = x:z:s
        #datapoints = 20
function used for fitting: f(x)
	f(x) = a / ((x - c) ** (2.0)) + b
fitted parameters initialized with current variable values

iter      chisq       delta/lim  lambda   a             b             c            
   0 4.7142179595e+07   0.00e+00  3.49e+03    5.112015e+01   7.277228e+01   5.729003e-01
   1 4.7142179069e+07  -1.11e-03  3.49e+02    5.112052e+01   7.277219e+01   5.729090e-01

After 1 iterations the fit converged.
final sum of squares of residuals : 4.71422e+07
rel. change during last iteration : -1.11478e-08

degrees of freedom    (FIT_NDF)                        : 17
rms of residuals      (FIT_STDFIT) = sqrt(WSSR/ndf)    : 1665.25
variance of residuals (reduced chisquare) = WSSR/ndf   : 2.77307e+06
p-value of the Chisq distribution (FIT_P)              : 0

Final set of parameters            Asymptotic Standard Error
=======================            ==========================
a               = 51.1205          +/- 9.582        (18.74%)
b               = 72.7722          +/- 11.93        (16.39%)
c               = 0.572909         +/- 0.04346      (7.586%)

correlation matrix of the fit parameters:
                a      b      c      
a               1.000 
b              -0.348  1.000 
c               0.262 -0.053  1.000 


*******************************************************************************
Tue Mar 15 19:52:26 2016


FIT:    data read from "out" using 1:2:3
        format = x:z:s
        #datapoints = 20
function used for fitting: f(x)
	f(x) = a / ((x - c) ** (2.0)) + b
fitted parameters initialized with current variable values

iter      chisq       delta/lim  lambda   a             b             c            
   0 4.7142179069e+07   0.00e+00  3.49e+03    5.112052e+01   7.277219e+01   5.729090e-01
   1 4.7142179069e+07   0.00e+00  3.49e+06    5.112052e+01   7.277219e+01   5.729090e-01

After 1 iterations the fit converged.
final sum of squares of residuals : 4.71422e+07
rel. change during last iteration : 0

degrees of freedom    (FIT_NDF)                        : 17
rms of residuals      (FIT_STDFIT) = sqrt(WSSR/ndf)    : 1665.25
variance of residuals (reduced chisquare) = WSSR/ndf   : 2.77307e+06
p-value of the Chisq distribution (FIT_P)              : 0

Final set of parameters            Asymptotic Standard Error
=======================            ==========================
a               = 51.1205          +/- 9.582        (18.74%)
b               = 72.7722          +/- 11.93        (16.39%)
c               = 0.572909         +/- 0.04346      (7.586%)

correlation matrix of the fit parameters:
                a      b      c      
a               1.000 
b              -0.348  1.000 
c               0.262 -0.053  1.000 


*******************************************************************************
Tue Mar 15 19:52:48 2016


FIT:    data read from "out" using 1:2:3
        format = x:z:s
        #datapoints = 20
function used for fitting: f(x)
	f(x) = a / ((x - c) ** (2.0)) + b
fitted parameters initialized with current variable values

iter      chisq       delta/lim  lambda   a             b             c            
   0 1.4345032930e+08   0.00e+00  1.40e+03    1.000000e-03   7.277219e+01   5.729090e-01
   3 1.3186882297e+08  -7.28e-01  1.40e+01    1.174008e-03   9.559977e+01   4.826084e-01

After 3 iterations the fit converged.
final sum of squares of residuals : 1.31869e+08
rel. change during last iteration : -7.27617e-06

degrees of freedom    (FIT_NDF)                        : 17
rms of residuals      (FIT_STDFIT) = sqrt(WSSR/ndf)    : 2785.14
variance of residuals (reduced chisquare) = WSSR/ndf   : 7.75699e+06
p-value of the Chisq distribution (FIT_P)              : 0

Final set of parameters            Asymptotic Standard Error
=======================            ==========================
a               = 0.00117401       +/- 21.16        (1.803e+06%)
b               = 95.5998          +/- 19.99        (20.91%)
c               = 0.482608         +/- 3470         (7.19e+05%)

correlation matrix of the fit parameters:
                a      b      c      
a               1.000 
b              -0.321  1.000 
c               0.824 -0.177  1.000 


*******************************************************************************
Tue Mar 15 19:53:19 2016


FIT:    data read from "out" using 1:2:3
        format = x:z:s
        #datapoints = 20
function used for fitting: f(x)
	f(x) = a / ((x - c) ** (2.0)) + b
fitted parameters initialized with current variable values

iter      chisq       delta/lim  lambda   a             b             c            
   0 1.5816611272e+08   0.00e+00  2.50e+03    1.174008e-03   1.300000e+02   4.826084e-01
   3 1.3186680143e+08  -9.95e-01  2.50e+01    1.268044e-03   9.559954e+01   4.142909e-01

After 3 iterations the fit converged.
final sum of squares of residuals : 1.31867e+08
rel. change during last iteration : -9.9451e-06

degrees of freedom    (FIT_NDF)                        : 17
rms of residuals      (FIT_STDFIT) = sqrt(WSSR/ndf)    : 2785.12
variance of residuals (reduced chisquare) = WSSR/ndf   : 7.75687e+06
p-value of the Chisq distribution (FIT_P)              : 0

Final set of parameters            Asymptotic Standard Error
=======================            ==========================
a               = 0.00126804       +/- 28.12        (2.218e+06%)
b               = 95.5995          +/- 20.04        (20.96%)
c               = 0.414291         +/- 3480         (8.401e+05%)

correlation matrix of the fit parameters:
                a      b      c      
a               1.000 
b              -0.308  1.000 
c               0.954 -0.237  1.000 


*******************************************************************************
Tue Mar 15 19:53:22 2016


FIT:    data read from "out" using 1:2:3
        format = x:z:s
        #datapoints = 20
function used for fitting: f(x)
	f(x) = a / ((x - c) ** (2.0)) + b
fitted parameters initialized with current variable values

iter      chisq       delta/lim  lambda   a             b             c            
   0 1.3186680143e+08   0.00e+00  1.84e+03    1.268044e-03   9.559954e+01   4.142909e-01
   1 1.3186676585e+08  -2.70e-02  1.84e+02    1.269309e-03   9.559951e+01   4.134391e-01

After 1 iterations the fit converged.
final sum of squares of residuals : 1.31867e+08
rel. change during last iteration : -2.69816e-07

degrees of freedom    (FIT_NDF)                        : 17
rms of residuals      (FIT_STDFIT) = sqrt(WSSR/ndf)    : 2785.12
variance of residuals (reduced chisquare) = WSSR/ndf   : 7.75687e+06
p-value of the Chisq distribution (FIT_P)              : 0

Final set of parameters            Asymptotic Standard Error
=======================            ==========================
a               = 0.00126931       +/- 28.22        (2.223e+06%)
b               = 95.5995          +/- 20.04        (20.96%)
c               = 0.413439         +/- 3480         (8.416e+05%)

correlation matrix of the fit parameters:
                a      b      c      
a               1.000 
b              -0.308  1.000 
c               0.955 -0.238  1.000 


*******************************************************************************
Tue Mar 15 19:53:22 2016


FIT:    data read from "out" using 1:2:3
        format = x:z:s
        #datapoints = 20
function used for fitting: f(x)
	f(x) = a / ((x - c) ** (2.0)) + b
fitted parameters initialized with current variable values

iter      chisq       delta/lim  lambda   a             b             c            
   0 1.3186676585e+08   0.00e+00  1.84e+03    1.269309e-03   9.559951e+01   4.134391e-01
   1 1.3186672973e+08  -2.74e-02  1.84e+02    1.270582e-03   9.559951e+01   4.125822e-01

After 1 iterations the fit converged.
final sum of squares of residuals : 1.31867e+08
rel. change during last iteration : -2.73907e-07

degrees of freedom    (FIT_NDF)                        : 17
rms of residuals      (FIT_STDFIT) = sqrt(WSSR/ndf)    : 2785.12
variance of residuals (reduced chisquare) = WSSR/ndf   : 7.75687e+06
p-value of the Chisq distribution (FIT_P)              : 0

Final set of parameters            Asymptotic Standard Error
=======================            ==========================
a               = 0.00127058       +/- 28.32        (2.229e+06%)
b               = 95.5995          +/- 20.04        (20.96%)
c               = 0.412582         +/- 3479         (8.432e+05%)

correlation matrix of the fit parameters:
                a      b      c      
a               1.000 
b              -0.308  1.000 
c               0.956 -0.239  1.000 


*******************************************************************************
Tue Mar 15 19:53:50 2016


FIT:    data read from "out" using 1:2:3
        format = x:z:s
        #datapoints = 20
function used for fitting: f(x)
	f(x) = a / ((x - c) ** (2.0)) + 130
fitted parameters initialized with current variable values

iter      chisq       delta/lim  lambda   a             c            
   0 1.5816437205e+08   0.00e+00  1.94e-01    1.270582e-03   4.125822e-01
  20 1.2746046099e+08  -1.59e-02  1.94e+01    1.530762e-03   1.030347e-01

After 20 iterations the fit converged.
final sum of squares of residuals : 1.2746e+08
rel. change during last iteration : -1.59042e-07

degrees of freedom    (FIT_NDF)                        : 18
rms of residuals      (FIT_STDFIT) = sqrt(WSSR/ndf)    : 2661.04
variance of residuals (reduced chisquare) = WSSR/ndf   : 7.08114e+06
p-value of the Chisq distribution (FIT_P)              : 0

Final set of parameters            Asymptotic Standard Error
=======================            ==========================
a               = 0.00153076       +/- 76.06        (4.969e+06%)
c               = 0.103035         +/- 79.25        (7.692e+04%)

correlation matrix of the fit parameters:
                a      c      
a               1.000 
c               1.000  1.000 


*******************************************************************************
Tue Mar 15 19:54:10 2016


FIT:    data read from "out" using 1:2:3
        format = x:z:s
        x range restricted to [-0.285068 : 19.7149]
        #datapoints = 20
function used for fitting: f(x)
	f(x) = a / ((x - c) ** (2.0)) + 130
fitted parameters initialized with current variable values

iter      chisq       delta/lim  lambda   a             c            
   0 1.4332856703e+08   0.00e+00  1.07e+04    1.000000e+00   1.000000e+00
  36 1.1099547415e+08  -3.19e-04  1.07e-03    3.502884e+01   5.573382e-01

After 36 iterations the fit converged.
final sum of squares of residuals : 1.10995e+08
rel. change during last iteration : -3.1882e-09

degrees of freedom    (FIT_NDF)                        : 18
rms of residuals      (FIT_STDFIT) = sqrt(WSSR/ndf)    : 2483.23
variance of residuals (reduced chisquare) = WSSR/ndf   : 6.16642e+06
p-value of the Chisq distribution (FIT_P)              : 0

Final set of parameters            Asymptotic Standard Error
=======================            ==========================
a               = 35.0288          +/- 13.8         (39.4%)
c               = 0.557338         +/- 0.09518      (17.08%)

correlation matrix of the fit parameters:
                a      c      
a               1.000 
c               0.398  1.000 


*******************************************************************************
Tue Mar 15 19:54:29 2016


FIT:    data read from "out" using 1:2:3
        format = x:z:s
        x range restricted to [-3.04658 : 12.9534]
        #datapoints = 13
function used for fitting: f(x)
	f(x) = a / ((x - c) ** (2.0)) + b
fitted parameters initialized with current variable values

iter      chisq       delta/lim  lambda   a             c             b            
   0 3.3906393883e+07   0.00e+00  3.73e+03    3.502884e+01   5.573382e-01   1.300000e+02
   4 2.3808097132e+07  -4.90e-03  3.73e-01    4.338139e+01   5.669822e-01   1.006680e+02

After 4 iterations the fit converged.
final sum of squares of residuals : 2.38081e+07
rel. change during last iteration : -4.90165e-08

degrees of freedom    (FIT_NDF)                        : 10
rms of residuals      (FIT_STDFIT) = sqrt(WSSR/ndf)    : 1542.99
variance of residuals (reduced chisquare) = WSSR/ndf   : 2.38081e+06
p-value of the Chisq distribution (FIT_P)              : 0

Final set of parameters            Asymptotic Standard Error
=======================            ==========================
a               = 43.3814          +/- 9.307        (21.45%)
c               = 0.566982         +/- 0.04766      (8.406%)
b               = 100.668          +/- 14.24        (14.15%)

correlation matrix of the fit parameters:
                a      c      b      
a               1.000 
c               0.317  1.000 
b              -0.429 -0.080  1.000 


*******************************************************************************
Tue Mar 15 19:54:47 2016


FIT:    data read from "out" using 1:2:3
        format = x:z:s
        x range restricted to [-11.3814 : 19.8686]
        #datapoints = 20
function used for fitting: f(x)
	f(x) = a / ((x - c) ** (2.0)) + b
fitted parameters initialized with current variable values

iter      chisq       delta/lim  lambda   a             c             b            
   0 3.4265345456e+10   0.00e+00  6.29e+04    1.000000e+03   5.669822e-01   1.006680e+02
   4 4.7142178920e+07  -2.46e-02  6.29e+00    5.112076e+01   5.729126e-01   7.277211e+01

After 4 iterations the fit converged.
final sum of squares of residuals : 4.71422e+07
rel. change during last iteration : -2.45969e-07

degrees of freedom    (FIT_NDF)                        : 17
rms of residuals      (FIT_STDFIT) = sqrt(WSSR/ndf)    : 1665.25
variance of residuals (reduced chisquare) = WSSR/ndf   : 2.77307e+06
p-value of the Chisq distribution (FIT_P)              : 0

Final set of parameters            Asymptotic Standard Error
=======================            ==========================
a               = 51.1208          +/- 9.582        (18.74%)
c               = 0.572913         +/- 0.04346      (7.586%)
b               = 72.7721          +/- 11.93        (16.39%)

correlation matrix of the fit parameters:
                a      c      b      
a               1.000 
c               0.262  1.000 
b              -0.348 -0.053  1.000 


*******************************************************************************
Tue Mar 15 19:55:01 2016


FIT:    data read from "out" using 1:2:3
        format = x:z:s
        x range restricted to [-11.3814 : 19.8686]
        #datapoints = 20
function used for fitting: f(x)
	f(x) = a / ((x - c) ** (2.0)) + b
fitted parameters initialized with current variable values

iter      chisq       delta/lim  lambda   a             c             b            
   0 1.4285355645e+08   0.00e+00  1.40e+03    5.112076e+01  -1.000000e+01   7.277211e+01
  26 8.8584410472e+03  -3.93e-01  1.40e-04    3.260674e+04  -1.006911e+01  -1.791746e+01

After 26 iterations the fit converged.
final sum of squares of residuals : 8858.44
rel. change during last iteration : -3.93461e-06

degrees of freedom    (FIT_NDF)                        : 17
rms of residuals      (FIT_STDFIT) = sqrt(WSSR/ndf)    : 22.8273
variance of residuals (reduced chisquare) = WSSR/ndf   : 521.085
p-value of the Chisq distribution (FIT_P)              : 0

Final set of parameters            Asymptotic Standard Error
=======================            ==========================
a               = 32606.7          +/- 508.3        (1.559%)
c               = -10.0691         +/- 0.07557      (0.7505%)
b               = -17.9175         +/- 0.6428       (3.588%)

correlation matrix of the fit parameters:
                a      c      b      
a               1.000 
c              -0.992  1.000 
b              -0.943  0.906  1.000 


*******************************************************************************
Tue Mar 15 19:55:12 2016


FIT:    data read from "out" using 1:2:3
        format = x:z:s
        x range restricted to [-9.82970 : 21.4203]
        #datapoints = 20
function used for fitting: f(x)
	f(x) = a / ((x - c) ** (2.0)) + b
fitted parameters initialized with current variable values

iter      chisq       delta/lim  lambda   a             c             b            
   0 8.8584410472e+03   0.00e+00  5.06e+03    3.260674e+04  -1.006911e+01  -1.791746e+01
   1 8.8584410472e+03   0.00e+00  5.06e+08    3.260674e+04  -1.006911e+01  -1.791746e+01

After 1 iterations the fit converged.
final sum of squares of residuals : 8858.44
rel. change during last iteration : 0

degrees of freedom    (FIT_NDF)                        : 17
rms of residuals      (FIT_STDFIT) = sqrt(WSSR/ndf)    : 22.8273
variance of residuals (reduced chisquare) = WSSR/ndf   : 521.085
p-value of the Chisq distribution (FIT_P)              : 0

Final set of parameters            Asymptotic Standard Error
=======================            ==========================
a               = 32606.7          +/- 508.3        (1.559%)
c               = -10.0691         +/- 0.07557      (0.7505%)
b               = -17.9175         +/- 0.6428       (3.588%)

correlation matrix of the fit parameters:
                a      c      b      
a               1.000 
c              -0.992  1.000 
b              -0.943  0.906  1.000 


*******************************************************************************
Tue Mar 15 19:55:13 2016


FIT:    data read from "out" using 1:2:3
        format = x:z:s
        x range restricted to [-9.82970 : 21.4203]
        #datapoints = 20
function used for fitting: f(x)
	f(x) = a / ((x - c) ** (2.0)) + b
fitted parameters initialized with current variable values

iter      chisq       delta/lim  lambda   a             c             b            
   0 8.8584410472e+03   0.00e+00  5.06e+03    3.260674e+04  -1.006911e+01  -1.791746e+01
   1 8.8584410472e+03   0.00e+00  5.06e+08    3.260674e+04  -1.006911e+01  -1.791746e+01

After 1 iterations the fit converged.
final sum of squares of residuals : 8858.44
rel. change during last iteration : 0

degrees of freedom    (FIT_NDF)                        : 17
rms of residuals      (FIT_STDFIT) = sqrt(WSSR/ndf)    : 22.8273
variance of residuals (reduced chisquare) = WSSR/ndf   : 521.085
p-value of the Chisq distribution (FIT_P)              : 0

Final set of parameters            Asymptotic Standard Error
=======================            ==========================
a               = 32606.7          +/- 508.3        (1.559%)
c               = -10.0691         +/- 0.07557      (0.7505%)
b               = -17.9175         +/- 0.6428       (3.588%)

correlation matrix of the fit parameters:
                a      c      b      
a               1.000 
c              -0.992  1.000 
b              -0.943  0.906  1.000 


*******************************************************************************
Tue Mar 15 19:55:13 2016


FIT:    data read from "out" using 1:2:3
        format = x:z:s
        x range restricted to [-9.82970 : 21.4203]
        #datapoints = 20
function used for fitting: f(x)
	f(x) = a / ((x - c) ** (2.0)) + b
fitted parameters initialized with current variable values

iter      chisq       delta/lim  lambda   a             c             b            
   0 8.8584410472e+03   0.00e+00  5.06e+03    3.260674e+04  -1.006911e+01  -1.791746e+01
   1 8.8584410472e+03   0.00e+00  5.06e+08    3.260674e+04  -1.006911e+01  -1.791746e+01

After 1 iterations the fit converged.
final sum of squares of residuals : 8858.44
rel. change during last iteration : 0

degrees of freedom    (FIT_NDF)                        : 17
rms of residuals      (FIT_STDFIT) = sqrt(WSSR/ndf)    : 22.8273
variance of residuals (reduced chisquare) = WSSR/ndf   : 521.085
p-value of the Chisq distribution (FIT_P)              : 0

Final set of parameters            Asymptotic Standard Error
=======================            ==========================
a               = 32606.7          +/- 508.3        (1.559%)
c               = -10.0691         +/- 0.07557      (0.7505%)
b               = -17.9175         +/- 0.6428       (3.588%)

correlation matrix of the fit parameters:
                a      c      b      
a               1.000 
c              -0.992  1.000 
b              -0.943  0.906  1.000 
